<?xml version="1.0" encoding="UTF-8"?>
<!-- Generated by org.testng.reporters.JUnitReportReporter -->
<testsuite hostname="DESKTOP-SREPGAE" failures="0" tests="1" name="Testcase.Login" time="3.850" errors="0" timestamp="2024-09-24T15:18:43 IST" skipped="0">
  <testcase classname="Testcase.Login" name="LoginMethod" time="3.850"/>
</testsuite> <!-- Testcase.Login -->
